<?xml version="1.0" encoding="UTF-8"?>
<testng-results ignored="0" total="1" passed="1" failed="0" skipped="0">
  <reporter-output>
  </reporter-output>
  <suite started-at="2025-09-30T23:47:34 IST" name="Suite" finished-at="2025-09-30T23:47:48 IST" duration-ms="13675">
    <groups>
    </groups>
    <test started-at="2025-09-30T23:47:34 IST" name="Test" finished-at="2025-09-30T23:47:48 IST" duration-ms="13675">
      <class name="com.testcases.TC1_Check_Registration">
        <test-method is-config="true" signature="setup()[pri:0, instance:com.testcases.TC1_Check_Registration@350ec41e]" started-at="2025-09-30T23:47:34 IST" name="setup" finished-at="2025-09-30T23:47:41 IST" duration-ms="6371" status="PASS">
          <reporter-output>
          </reporter-output>
        </test-method> <!-- setup -->
        <test-method signature="Check()[pri:0, instance:com.testcases.TC1_Check_Registration@350ec41e]" started-at="2025-09-30T23:47:41 IST" name="Check" finished-at="2025-09-30T23:47:43 IST" duration-ms="1996" status="PASS">
          <reporter-output>
          </reporter-output>
        </test-method> <!-- Check -->
        <test-method is-config="true" signature="teardown()[pri:0, instance:com.testcases.TC1_Check_Registration@350ec41e]" started-at="2025-09-30T23:47:43 IST" name="teardown" finished-at="2025-09-30T23:47:48 IST" duration-ms="5219" status="PASS">
          <reporter-output>
          </reporter-output>
        </test-method> <!-- teardown -->
      </class> <!-- com.testcases.TC1_Check_Registration -->
    </test> <!-- Test -->
  </suite> <!-- Suite -->
</testng-results>
